Executing
[2018-02-12T17:09:55+01:00] ***************** Wallet value: 0.006422309730076002 BTC, 55.86125003220106 $ *****************
[2018-02-12T17:09:55+01:00] Launching RoadTrip Strategy
[2018-02-12T17:09:55+01:00] Checking informations
[2018-02-12T17:09:55+01:00] Looking for the best Crypto with highest percent_change_1h
[2018-02-12T17:09:55+01:00] Getting datas from CoinMarketCap
events.js:160
      throw er; // Unhandled 'error' event
      ^

Error: connect ETIMEDOUT 104.17.140.178:443
    at Object.exports._errnoException (util.js:1026:11)
    at exports._exceptionWithHostPort (util.js:1049:20)
    at TCPConnectWrap.afterConnect [as oncomplete] (net.js:1085:14)


-------------------------




***************** Wallet value: 0.006197353085073998 BTC, 53.95372214393827 $ *****************
[2018-02-12T17:59:45+01:00] Launching RoadTrip Strategy
[2018-02-12T17:59:45+01:00] Checking informations
[2018-02-12T17:59:45+01:00] Looking for the best Crypto with highest percent_change_1h
[2018-02-12T17:59:45+01:00] Getting datas from CoinMarketCap
[2018-02-12T17:59:45+01:00] Best from CoinmarkerCap after selected Binance ones in common is ICN - 0.00000255 BTC - 0.0222697 $ - 18.77% / 1h
-------------------------------
[2018-02-12T17:59:45+01:00] ICN variation: 0
[2018-02-12T17:59:45+01:00] Looking for the highest crypto in the wallet
[2018-02-12T17:59:46+01:00] Best crypto in the wallet is ICN
-------------------------------
[2018-02-12T17:59:46+01:00] We got ICN, let's hold for now
[2018-02-12T17:59:46+01:00] Looking for the best Crypto with highest percent_change_1h
[2018-02-12T17:59:46+01:00] Getting datas from CoinMarketCap
[2018-02-12T17:59:46+01:00] Looking for the best Crypto with highest priceChangePercent from Binance
[2018-02-12T17:59:46+01:00] Best from Binance is OAXBTC (44.580% / 24h)
-------------------------------
[2018-02-12T17:59:46+01:00] Best from CoinmarkerCap after selected Binance ones in common is ICN - 0.00000255 BTC - 0.0222697 $ - 18.77% / 1h
-------------------------------
undefined:1
{"stream":"!ticker@arr","data":[{"e":"24hrTicker","E":1518454745674,"s":"ETHBTC","p":"-0.00175600","P":"-1.746","w":"0.09968321","x":"0.10058200","c":"0.09882500","Q":"1.68800000","b":"0.09879500","B":"0.59200000","a":"0.09882400","A":"0.59200000","o":"0.10058100","h":"0.10085000","l":"0.09797000","v":"116237.87200000","q":"11586.96413594","O":1518368345669,"C":1518454745669,"F":32576990,"L":32957385,"n":380396},{"e":"24hrTicker","E":1518454744998,"s":"LTCBTC","p":"-0.00017300","P":"-0.946","w":"0.01833436","x":"0.01829500","c":"0.01812200","Q":"0.74000000","b":"0.01812200","B":"3.85000000","a":"0.01814900","A":"0.20000000","o":"0.01829500","h":"0.01880000","l":"0.01804000","v":"72487.78000000","q":"1329.01719175","O":1518368344994,"C":1518454744994,"F":6724648,"L":6775227,"n":50580},{"e":"24hrTicker","E":1518454745033,"s":"BNBBTC","p":"-0.00002830","P":"-2.597","w":"0.00107491","x":"0.00108990","c":"0.00106160","Q":"10.00000000","b":"0.00106120","B":"142.00000000","a":"0.00106220","A":"17.10000

SyntaxError: Unexpected token L in JSON at position 15714
    at Object.parse (native)
    at WebSocket.ws.on (/Users/donkeycode/Documents/trader/node_modules/binance/lib/ws.js:32:33)
    at emitOne (events.js:96:13)
    at WebSocket.emit (events.js:188:7)
    at Receiver._receiver.onmessage (/Users/donkeycode/Documents/trader/node_modules/ws/lib/WebSocket.js:141:47)
    at Receiver.dataMessage (/Users/donkeycode/Documents/trader/node_modules/ws/lib/Receiver.js:389:14)
    at Receiver.getData (/Users/donkeycode/Documents/trader/node_modules/ws/lib/Receiver.js:330:12)
    at Receiver.startLoop (/Users/donkeycode/Documents/trader/node_modules/ws/lib/Receiver.js:165:16)
    at Receiver.add (/Users/donkeycode/Documents/trader/node_modules/ws/lib/Receiver.js:139:10)
    at TLSSocket._ultron.on (/Users/donkeycode/Documents/trader/node_modules/ws/lib/WebSocket.js:138:22)




---------------------------------


Executing
[2018-02-12T20:23:50+01:00] ***************** Wallet value: 0.0059774768742420015 BTC, 52.15348572776146 $ *****************
[2018-02-12T20:23:50+01:00] Launching RoadTrip Strategy
[2018-02-12T20:23:50+01:00] Checking informations
[2018-02-12T20:23:50+01:00] Looking for the best Crypto with highest percent_change_1h
[2018-02-12T20:23:50+01:00] Getting datas from CoinMarketCap
[2018-02-12T20:23:52+01:00] Best from CoinmarkerCap after selected Binance ones in common is DLT - 0.00004964 BTC - 0.430335 $ - 5.72% / 1h
-------------------------------
[2018-02-12T20:23:52+01:00] DLT variation: 0
[2018-02-12T20:23:52+01:00] Looking for the highest crypto in the wallet
[2018-02-12T20:23:52+01:00] Best crypto in the wallet is ICN
-------------------------------
[2018-02-12T20:23:52+01:00] Checking if it is worthy to switch crypto place
[2018-02-12T20:23:52+01:00] Looking for coinMarketCap value informations for ICN
[2018-02-12T20:23:52+01:00] It is worthy to change: current: ICN(-1.2) VS DLT(5.72)
[2018-02-12T20:23:52+01:00] Getting current orders for DLT
[2018-02-12T20:23:52+01:00] Retrieved 0 orders from current orders for DLT
-------------------------------
[2018-02-12T20:23:52+01:00] Getting current orders for BTC
[2018-02-12T20:23:52+01:00] Retrieved 0 orders from current orders for BTC
-------------------------------
[2018-02-12T20:23:52+01:00] Getting current orders
[2018-02-12T20:23:52+01:00] Retrieved 0 orders from current orders
-------------------------------
[2018-02-12T20:23:52+01:00] Crypto DLT not in wallet and not in current orders, let' s get some BTC to buy it
[2018-02-12T20:23:52+01:00] Going to sell everything in wallet except BTC
[2018-02-12T20:23:52+01:00] [object Object],[object Object],[object Object],[object Object],[object Object],[object Object],[object Object],[object Object],[object Object],[object Object],[object Object],[object Object],[object Object],[object Object],[object Object],[object Object],[object Object],[object Object],[object Object],[object Object],[object Object],[object Object],[object Object],[object Object],[object Object],[object Object],[object Object],[object Object],[object Object],[object Object],[object Object],[object Object],[object Object],[object Object],[object Object],[object Object],[object Object],[object Object],[object Object],[object Object],[object Object],[object Object],[object Object],[object Object],[object Object],[object Object],[object Object]
[2018-02-12T20:23:52+01:00] Getting min qty traddable
[2018-02-12T20:23:52+01:00] Getting symbol [ETHBTC].
[2018-02-12T20:23:52+01:00] Getting min qty traddable
[2018-02-12T20:23:52+01:00] Getting symbol [NEOBTC].
[2018-02-12T20:23:52+01:00] Getting min qty traddable
[2018-02-12T20:23:52+01:00] Getting symbol [BNBBTC].
[2018-02-12T20:23:52+01:00] Getting min qty traddable
[2018-02-12T20:23:52+01:00] Getting symbol [QTUMBTC].
[2018-02-12T20:23:52+01:00] Getting min qty traddable
[2018-02-12T20:23:52+01:00] Getting symbol [SNTBTC].
[2018-02-12T20:23:52+01:00] Getting min qty traddable
[2018-02-12T20:23:52+01:00] Getting symbol [GASBTC].
[2018-02-12T20:23:52+01:00] Getting min qty traddable
[2018-02-12T20:23:52+01:00] Getting symbol [BCCBTC].
[2018-02-12T20:23:52+01:00] Getting min qty traddable
[2018-02-12T20:23:52+01:00] Getting symbol [OAXBTC].
[2018-02-12T20:23:52+01:00] Getting min qty traddable
[2018-02-12T20:23:52+01:00] Getting symbol [ICNBTC].
[2018-02-12T20:23:52+01:00] Getting current orders for ICN
[2018-02-12T20:23:52+01:00] Retrieved 0 orders from current orders for ICN
-------------------------------
[2018-02-12T20:23:52+01:00] Creating new sell order (ICNBTC)
[2018-02-12T20:23:52+01:00] Getting min qty traddable
[2018-02-12T20:23:52+01:00] Getting symbol [ZRXBTC].
[2018-02-12T20:23:52+01:00] Getting min qty traddable
[2018-02-12T20:23:52+01:00] Getting symbol [WTCBTC].
[2018-02-12T20:23:52+01:00] Getting min qty traddable
[2018-02-12T20:23:52+01:00] Getting symbol [TRXBTC].
[2018-02-12T20:23:52+01:00] Getting min qty traddable
[2018-02-12T20:23:52+01:00] Getting symbol [TNTBTC].
[2018-02-12T20:23:52+01:00] Getting min qty traddable
[2018-02-12T20:23:52+01:00] Getting symbol [CTRBTC].
[2018-02-12T20:23:52+01:00] Getting min qty traddable
[2018-02-12T20:23:52+01:00] Getting symbol [ETCBTC].
[2018-02-12T20:23:52+01:00] Getting min qty traddable
[2018-02-12T20:23:52+01:00] Getting symbol [ENGBTC].
[2018-02-12T20:23:52+01:00] Getting min qty traddable
[2018-02-12T20:23:52+01:00] Getting symbol [ZECBTC].
[2018-02-12T20:23:52+01:00] Getting min qty traddable
[2018-02-12T20:23:52+01:00] Getting symbol [ASTBTC].
[2018-02-12T20:23:52+01:00] Getting min qty traddable
[2018-02-12T20:23:52+01:00] Getting symbol [DGDBTC].
[2018-02-12T20:23:52+01:00] Getting min qty traddable
[2018-02-12T20:23:52+01:00] Getting symbol [BATBTC].
[2018-02-12T20:23:52+01:00] Getting min qty traddable
[2018-02-12T20:23:52+01:00] Getting symbol [DASHBTC].
[2018-02-12T20:23:52+01:00] Getting min qty traddable
[2018-02-12T20:23:52+01:00] Getting symbol [POWRBTC].
[2018-02-12T20:23:52+01:00] Getting min qty traddable
[2018-02-12T20:23:52+01:00] Getting symbol [BTGBTC].
[2018-02-12T20:23:52+01:00] Getting min qty traddable
[2018-02-12T20:23:52+01:00] Getting symbol [XMRBTC].
[2018-02-12T20:23:52+01:00] Getting min qty traddable
[2018-02-12T20:23:52+01:00] Getting symbol [XRPBTC].
[2018-02-12T20:23:52+01:00] Getting min qty traddable
[2018-02-12T20:23:52+01:00] Getting symbol [KMDBTC].
[2018-02-12T20:23:52+01:00] Getting min qty traddable
[2018-02-12T20:23:52+01:00] Getting symbol [RCNBTC].
[2018-02-12T20:23:52+01:00] Getting min qty traddable
[2018-02-12T20:23:52+01:00] Getting symbol [PPTBTC].
[2018-02-12T20:23:52+01:00] Getting min qty traddable
[2018-02-12T20:23:52+01:00] Getting symbol [GXSBTC].
[2018-02-12T20:23:52+01:00] Getting min qty traddable
[2018-02-12T20:23:52+01:00] Getting symbol [AMBBTC].
[2018-02-12T20:23:52+01:00] Getting min qty traddable
[2018-02-12T20:23:52+01:00] Getting symbol [CNDBTC].
[2018-02-12T20:23:52+01:00] Getting min qty traddable
[2018-02-12T20:23:52+01:00] Getting symbol [GVTBTC].
[2018-02-12T20:23:52+01:00] Getting min qty traddable
[2018-02-12T20:23:52+01:00] Getting symbol [POEBTC].
[2018-02-12T20:23:52+01:00] Getting min qty traddable
[2018-02-12T20:23:52+01:00] Getting symbol [XZCBTC].
[2018-02-12T20:23:52+01:00] Getting min qty traddable
[2018-02-12T20:23:52+01:00] Getting symbol [ADABTC].
[2018-02-12T20:23:52+01:00] Getting min qty traddable
[2018-02-12T20:23:52+01:00] Getting symbol [CMTBTC].
[2018-02-12T20:23:52+01:00] Getting min qty traddable
[2018-02-12T20:23:52+01:00] Getting symbol [GTOBTC].
[2018-02-12T20:23:52+01:00] Getting min qty traddable
[2018-02-12T20:23:52+01:00] Getting symbol [ICXBTC].
[2018-02-12T20:23:52+01:00] Getting min qty traddable
[2018-02-12T20:23:52+01:00] Getting symbol [ELFBTC].
[2018-02-12T20:23:52+01:00] Getting min qty traddable
[2018-02-12T20:23:52+01:00] Getting symbol [AIONBTC].
[2018-02-12T20:23:52+01:00] Getting min qty traddable
[2018-02-12T20:23:52+01:00] Getting symbol [NEBLBTC].
[2018-02-12T20:23:52+01:00] Getting min qty traddable
[2018-02-12T20:23:52+01:00] Getting symbol [NAVBTC].
[2018-02-12T20:23:52+01:00] Getting min qty traddable
[2018-02-12T20:23:52+01:00] Getting symbol [PIVXBTC].
[2018-02-12T20:23:52+01:00] Getting min qty traddable
[2018-02-12T20:23:52+01:00] Getting symbol [STEEMBTC].
[2018-02-12T20:23:52+01:00] Getting min qty traddable
[2018-02-12T20:23:52+01:00] Getting symbol [BLZBTC].
[2018-02-12T20:23:52+01:00] 1 orders have been sent
[2018-02-12T20:23:52+01:00] Getting symbol [ICNBTC].
[2018-02-12T20:23:52+01:00] Sending order:
-------------------------------
Error: Response code 400
    at Request.e [as _callback] (/Users/donkeycode/Documents/trader/node_modules/binance/lib/rest.js:64:37)
    at Request.self.callback (/Users/donkeycode/Documents/trader/node_modules/request/request.js:186:22)
    at emitTwo (events.js:106:13)
    at Request.emit (events.js:191:7)
    at Request.<anonymous> (/Users/donkeycode/Documents/trader/node_modules/request/request.js:1163:10)
    at emitOne (events.js:96:13)
    at Request.emit (events.js:188:7)
    at IncomingMessage.<anonymous> (/Users/donkeycode/Documents/trader/node_modules/request/request.js:1085:12)
    at IncomingMessage.g (events.js:291:16)
    at emitNone (events.js:91:20)
    at IncomingMessage.emit (events.js:185:7)
[2018-02-12T20:23:53+01:00]  Error trying to send an order
[2018-02-12T20:23:53+01:00] New order sent









--------------------------------





Executing
[2018-02-12T22:45:54+01:00] Wallet value: 0.0058758685201500006 BTC
[2018-02-12T22:45:54+01:00] Wallet value: 51.93092598108571 $
[2018-02-12T22:45:54+01:00] Launching RoadTrip Strategy
[2018-02-12T22:45:54+01:00] Checking informations
[2018-02-12T22:45:54+01:00] Looking for the best Crypto with highest percent_change_1h
[2018-02-12T22:45:54+01:00] Getting datas from CoinMarketCap
[2018-02-12T22:45:54+01:00] Best from CoinmarkerCap after selected Binance ones in common is RPX - 0.00003106 BTC - 0.27428 $ - 8.6% / 1h
-------------------------------
[2018-02-12T22:45:54+01:00] RPX variation: 0
[2018-02-12T22:45:54+01:00] Looking for the highest crypto in the wallet
events.js:160
      throw er; // Unhandled 'error' event
      ^

Error: connect ENETDOWN 104.17.140.178:443 - Local (10.9.110.23:49896)
    at Object.exports._errnoException (util.js:1026:11)
    at exports._exceptionWithHostPort (util.js:1049:20)
    at connect (net.js:879:16)
    at net.js:1008:7
    at GetAddrInfoReqWrap.asyncCallback [as callback] (dns.js:62:16)
    at GetAddrInfoReqWrap.onlookup [as oncomplete] (dns.js:81:10)



------------------------



-------------------------------
[2018-02-13T18:54:14+01:00] LINK variation: 1
[2018-02-13T18:54:14+01:00] Looking for the highest crypto in the wallet
events.js:160
      throw er; // Unhandled 'error' event
            ^

            Error: read ECONNRESET
                at exports._errnoException (util.js:1026:11)
                    at TLSWrap.onread (net.js:569:26)



-------------------------- (2)
 Error: read ECONNRESET
    at exports._errnoException (util.js:1026:11)
    at TLSWrap.onread (net.js:569:26) code: 'ECONNRESET', errno: 'ECONNRESET', syscall: 'read' }
[2018-02-14T16:48:15+01:00]  Error while getting symbols tickers prices
[2018-02-14T16:48:15+01:00]  { Error: read ECONNRESET
    at exports._errnoException (util.js:1026:11)
    at TLSWrap.onread (net.js:569:26) code: 'ECONNRESET', errno: 'ECONNRESET', syscall: 'read' }
undefined:1
{"stream":"!ticker@arr","data":[{"e":"24hrTicker","E":1518622622775,"s":"ETHBTC","p":"-0.00175400","P":"-1.781","w":"0.09774779","x":"0.09845700","c":"0.09672600","Q":"0.10500000","b":"0.09672700","B":"0.34800000","a":"0.09675100","A":"0.27200000","o":"0.09848000","h":"0.09875200","l":"0.09600000","v":"121211.11500000","q":"11848.11830845","O":1518536222773,"C":1518622622773,"F":33275170,"L":33682854,"n":407685},{"e":"24hrTicker","E":1518622622807,"s":"LTCBTC","p":"0.00431100","P":"23.527","w":"0.02130398","x":"0.01832400","c":"0.02263500","Q":"2.91000000","b":"0.02260100","B":"8.22000000","a":"0.02263000","A":"2.05000000","o":"0.01832400","h":"0.02369800","l":"0.01826700","v":"668567.10000000","q":"14243.14278371","O":1518536222804,"C":1518622622804,"F":6812738,"L":7085633,"n":272896},{"e":"24hrTicker","E":1518622622073,"s":"BNBBTC","p":"-0.00001200","P":"-1.131","w":"0.00104332","x":"0.00106140","c":"0.00104940","Q":"8.51000000","b":"0.00104860","B":"7.10000000","a":"0.00104940","A":"63.850000

SyntaxError: Unexpected string in JSON at position 21413
    at Object.parse (native)
    at WebSocket.ws.on (/Users/donkeycode/Documents/trader/node_modules/binance/lib/ws.js:32:33)
    at emitOne (events.js:96:13)
    at WebSocket.emit (events.js:188:7)
    at Receiver._receiver.onmessage (/Users/donkeycode/Documents/trader/node_modules/ws/lib/WebSocket.js:141:47)
    at Receiver.dataMessage (/Users/donkeycode/Documents/trader/node_modules/ws/lib/Receiver.js:389:14)
    at Receiver.getData (/Users/donkeycode/Documents/trader/node_modules/ws/lib/Receiver.js:330:12)
    at Receiver.startLoop (/Users/donkeycode/Documents/trader/node_modules/ws/lib/Receiver.js:165:16)
    at Receiver.add (/Users/donkeycode/Documents/trader/node_modules/ws/lib/Receiver.js:139:10)
    at TLSSocket._ultron.on (/Users/donkeycode/Documents/trader/node_modules/ws/lib/WebSocket.js:138:22)


--------------------------------





Executing
[2018-02-14T17:28:54+01:00] Wallet value: 0.0033310843365499995 BTC
[2018-02-14T17:28:54+01:00] Wallet value: 30.99570644075438 $
[2018-02-14T17:28:54+01:00] Launching RoadTrip Strategy
[2018-02-14T17:28:54+01:00] Checking informations
[2018-02-14T17:28:54+01:00] Looking for the best Crypto with highest percent_change_1h
[2018-02-14T17:28:54+01:00] Best from CoinmarkerCap after selected Binance ones in common is ICN - 0.00000186 BTC - 0.0173133 $ - 18.01% / 1h
-------------------------------
[2018-02-14T17:28:54+01:00] ICN variation: 0
[2018-02-14T17:28:54+01:00] Looking for the highest crypto in the wallet
[2018-02-14T17:28:53+01:00] Updating CoinMarketCapDatas
[2018-02-14T17:28:56+01:00] Best crypto in the wallet is ENG
-------------------------------
[2018-02-14T17:28:56+01:00] Getting current orders for ICN
[2018-02-14T17:28:56+01:00] Retrieved 1 orders from current orders for ICN
-------------------------------
[2018-02-14T17:28:56+01:00] Getting current orders for ICN
[2018-02-14T17:28:56+01:00] Retrieved 1 orders from current orders for ICN
-------------------------------
[2018-02-14T17:28:56+01:00] Best ticker found in current order, let's check if it s still available
[2018-02-14T17:28:56+01:00] Getting current orders for ICN
[2018-02-14T17:28:56+01:00] Retrieved 1 orders from current orders for ICN
-------------------------------
[2018-02-14T17:28:56+01:00] Checking orders
[2018-02-14T17:28:56+01:00] Getting current orders
[2018-02-14T17:28:56+01:00] Retrieved 1 orders from current orders
-------------------------------
[2018-02-14T17:28:56+01:00] Order sent to BUY ICNBTC at February 14th 2018, 5:16:46 pm
[2018-02-14T17:28:56+01:00] Order #4613146for ICNBTC is pending since more than 5 minutes cancelling and putting it back to the market value
[2018-02-14T17:28:56+01:00] Cancelling order
-------------------------------
[2018-02-14T17:28:57+01:00] userData
-------------------------------
[2018-02-14T17:28:57+01:00] Received execution report from Binance in orderManager
-------------------------------
[2018-02-14T17:28:57+01:00] Received an execution report but didnt get anything to to with
[2018-02-14T17:28:57+01:00] [object Object]
[2018-02-14T17:28:57+01:00] Canceled order #4613146
-------------------------------
[2018-02-14T17:28:57+01:00] Getting current orders
[2018-02-14T17:28:57+01:00] Retrieved 1 orders from current orders
-------------------------------
[2018-02-14T17:28:57+01:00] Order #4613146 removed
-------------------------------
[2018-02-14T17:28:57+01:00] Creating new order from another order (ICNBTC)
-------------------------------
[2018-02-14T17:28:57+01:00] Sending order:
-------------------------------
[2018-02-14T17:28:57+01:00] All orders have been reset
-------------------------------
[2018-02-14T17:28:57+01:00] Getting current orders from Binance
[2018-02-14T17:28:57+01:00] userData
-------------------------------
[2018-02-14T17:28:57+01:00] userData
-------------------------------
[2018-02-14T17:28:57+01:00] Received balances from socket
-------------------------------
[2018-02-14T17:28:57+01:00] Updating account balances with new balances
-------------------------------
[2018-02-14T17:28:57+01:00] Account balances updated
-------------------------------
[2018-02-14T17:28:57+01:00] userData
-------------------------------
Error: Response code 400
    at Request.e [as _callback] (/Users/donkeycode/Documents/trader/node_modules/binance/lib/rest.js:64:37)
    at Request.self.callback (/Users/donkeycode/Documents/trader/node_modules/request/request.js:186:22)
    at emitTwo (events.js:106:13)
    at Request.emit (events.js:191:7)
    at Request.<anonymous> (/Users/donkeycode/Documents/trader/node_modules/request/request.js:1163:10)
    at emitOne (events.js:96:13)
    at Request.emit (events.js:188:7)
    at IncomingMessage.<anonymous> (/Users/donkeycode/Documents/trader/node_modules/request/request.js:1085:12)
    at IncomingMessage.g (events.js:291:16)
    at emitNone (events.js:91:20)
    at IncomingMessage.emit (events.js:185:7)
[2018-02-14T17:28:58+01:00]  Error trying to send an order
[2018-02-14T17:28:58+01:00] New order sent
-------------------------------
[2018-02-14T17:28:58+01:00] userData
-------------------------------
[2018-02-14T17:28:58+01:00] Received execution report from Binance in orderManager
-------------------------------
[2018-02-14T17:28:58+01:00] Received an execution report but didnt get anything to to with
[2018-02-14T17:28:58+01:00] [object Object]
[2018-02-14T17:28:58+01:00] userData
-------------------------------
[2018-02-14T17:28:58+01:00] 0 orders retrieved from Binance
[2018-02-14T17:28:58+01:00]
undefined:1
{"stream":"!ticker@arr","data":[{"e":"24hrTicker","E":1518625061792,"s":"ETHBTC","p":"-0.00130700","P":"-1.327","w":"0.09770091","x":"0.09846200","c":"0.09715200","Q":"0.35900000","b":"0.09714300","B":"0.05100000","a":"0.09722300","A":"0.17000000","o":"0.09845900","h":"0.09875200","l":"0.09600000","v":"122695.34400000","q":"11987.44657465","O":1518538661787,"C":1518625061787,"F":33284064,"L":33697202,"n":413139},{"e":"24hrTicker","E":1518625061435,"s":"LTCBTC","p":"0.00422500","P":"23.012","w":"0.02134631","x":"0.01836000","c":"0.02258500","Q":"0.49000000","b":"0.02258100","B":"0.13000000","a":"0.02258500","A":"59.51000000","o":"0.01836000","h":"0.02369800","l":"0.01826700","v":"683320.53000000","q":"14586.36991355","O":1518538661431,"C":1518625061431,"F":6814112,"L":7092863,"n":278752},{"e":"24hrTicker","E":1518625061682,"s":"BNBBTC","p":"0.00000010","P":"0.009","w":"0.00104338","x":"0.00105960","c":"0.00105970","Q":"6.42000000","b":"0.00105970","B":"85.11000000","a":"0.00106020","A":"14.950000

SyntaxError: Unexpected token
